<?xml version="1.0" encoding="UTF-8"?>
<!-- Generated by org.testng.reporters.JUnitXMLReporter -->
<testsuite ignored="0" hostname="menaka" failures="3" tests="4" name="Banking App Test(failed)(failed)(failed)" time="17.089" errors="0" timestamp="20 Jan 2022 03:38:26 GMT">
  <testcase classname="com.testCases.TC_LoginTest_001" name="loginTest" time="0.656"/>
  <testcase classname="com.testCases.TC_LoginTest_002" name="loginDDT" time="3.928">
    <failure type="java.lang.AssertionError" message="expected [true] but found [false]">
      <![CDATA[java.lang.AssertionError: expected [true] but found [false]
at com.testCases.TC_LoginTest_002.loginDDT(TC_LoginTest_002.java:27)
... Removed 29 stack frames]]>
    </failure>
  </testcase> <!-- loginDDT -->
  <testcase classname="com.testCases.TC_LoginTest_002" name="loginDDT" time="3.716">
    <failure type="java.lang.AssertionError" message="expected [true] but found [false]">
      <![CDATA[java.lang.AssertionError: expected [true] but found [false]
at com.testCases.TC_LoginTest_002.loginDDT(TC_LoginTest_002.java:27)
... Removed 29 stack frames]]>
    </failure>
  </testcase> <!-- loginDDT -->
  <testcase classname="com.testCases.TC_LoginTest_002" name="loginDDT" time="3.805">
    <failure type="java.lang.AssertionError" message="expected [true] but found [false]">
      <![CDATA[java.lang.AssertionError: expected [true] but found [false]
at com.testCases.TC_LoginTest_002.loginDDT(TC_LoginTest_002.java:27)
... Removed 29 stack frames]]>
    </failure>
  </testcase> <!-- loginDDT -->
</testsuite> <!-- Banking App Test(failed)(failed)(failed) -->
