<?xml version="1.0" encoding="UTF-8"?>
<testng-results ignored="0" total="2" passed="2" failed="0" skipped="0">
  <reporter-output>
  </reporter-output>
  <suite started-at="2022-01-20T17:23:09Z" name="EBanking" finished-at="2022-01-20T17:23:30Z" duration-ms="21416">
    <groups>
    </groups>
    <test started-at="2022-01-20T17:23:09Z" name="Banking App Test" finished-at="2022-01-20T17:23:30Z" duration-ms="21416">
      <class name="com.testCases.TC_AddCustomerTest_003">
        <test-method is-config="true" signature="setUp(java.lang.String)[pri:0, instance:com.testCases.TC_AddCustomerTest_003@56528192]" started-at="2022-01-20T17:23:13Z" name="setUp" finished-at="2022-01-20T17:23:14Z" duration-ms="1616" status="PASS">
          <params>
            <param index="0">
              <value>
                <![CDATA[chrome]]>
              </value>
            </param>
          </params>
          <reporter-output>
          </reporter-output>
        </test-method> <!-- setUp -->
        <test-method signature="addNewCustomer()[pri:0, instance:com.testCases.TC_AddCustomerTest_003@56528192]" started-at="2022-01-20T17:23:14Z" name="addNewCustomer" finished-at="2022-01-20T17:23:30Z" duration-ms="15724" status="PASS">
          <reporter-output>
          </reporter-output>
        </test-method> <!-- addNewCustomer -->
        <test-method is-config="true" signature="teadDown()[pri:0, instance:com.testCases.TC_AddCustomerTest_003@56528192]" started-at="2022-01-20T17:23:30Z" name="teadDown" finished-at="2022-01-20T17:23:30Z" duration-ms="124" status="PASS">
          <reporter-output>
          </reporter-output>
        </test-method> <!-- teadDown -->
      </class> <!-- com.testCases.TC_AddCustomerTest_003 -->
      <class name="com.testCases.TC_LoginTest_001">
        <test-method is-config="true" signature="setUp(java.lang.String)[pri:0, instance:com.testCases.TC_LoginTest_001@49c386c8]" started-at="2022-01-20T17:23:09Z" name="setUp" finished-at="2022-01-20T17:23:12Z" duration-ms="2738" status="PASS">
          <params>
            <param index="0">
              <value>
                <![CDATA[chrome]]>
              </value>
            </param>
          </params>
          <reporter-output>
          </reporter-output>
        </test-method> <!-- setUp -->
        <test-method signature="loginTest()[pri:0, instance:com.testCases.TC_LoginTest_001@49c386c8]" started-at="2022-01-20T17:23:12Z" name="loginTest" finished-at="2022-01-20T17:23:13Z" duration-ms="978" status="PASS">
          <reporter-output>
          </reporter-output>
        </test-method> <!-- loginTest -->
        <test-method is-config="true" signature="teadDown()[pri:0, instance:com.testCases.TC_LoginTest_001@49c386c8]" started-at="2022-01-20T17:23:13Z" name="teadDown" finished-at="2022-01-20T17:23:13Z" duration-ms="111" status="PASS">
          <reporter-output>
          </reporter-output>
        </test-method> <!-- teadDown -->
      </class> <!-- com.testCases.TC_LoginTest_001 -->
    </test> <!-- Banking App Test -->
  </suite> <!-- EBanking -->
</testng-results>
