<?xml version="1.0" encoding="UTF-8"?>
<testsuite xmlns:xsi="http://www.w3.org/2001/XMLSchema-instance" xsi:noNamespaceSchemaLocation="https://maven.apache.org/surefire/maven-surefire-plugin/xsd/surefire-test-report-3.0.xsd" version="3.0" name="TestSuite" time="21.893" tests="2" errors="0" skipped="0" failures="0">
  <properties>
[...]
</properties>
  <testcase name="loginTest" classname="com.testCases.TC_LoginTest_001" time="0.927">
    <system-out><![CDATA[01-20-2022 12:23:09 InternalLoggerFactory.java DEBUG [main] logging.InternalLoggerFactory 89 - Using Log4J as the default logging framework
01-20-2022 12:23:09 ResourceLeakDetector.java DEBUG [main] util.ResourceLeakDetector 129 - -Dio.netty.leakDetection.level: simple
01-20-2022 12:23:09 ResourceLeakDetector.java DEBUG [main] util.ResourceLeakDetector 130 - -Dio.netty.leakDetection.targetRecords: 4
01-20-2022 12:23:09 ResourceLeakDetectorFactory.java DEBUG [main] util.ResourceLeakDetectorFactory 196 - Loaded default ResourceLeakDetector: io.netty.util.ResourceLeakDetector@6c61a903
01-20-2022 12:23:09 PlatformDependent0.java DEBUG [main] internal.PlatformDependent0 460 - -Dio.netty.noUnsafe: false
01-20-2022 12:23:09 PlatformDependent0.java DEBUG [main] internal.PlatformDependent0 954 - Java version: 17
01-20-2022 12:23:09 PlatformDependent0.java DEBUG [main] internal.PlatformDependent0 135 - sun.misc.Unsafe.theUnsafe: available
01-20-2022 12:23:09 PlatformDependent0.java DEBUG [main] internal.PlatformDependent0 159 - sun.misc.Unsafe.copyMemory: available
01-20-2022 12:23:09 PlatformDependent0.java DEBUG [main] internal.PlatformDependent0 202 - java.nio.Buffer.address: available
01-20-2022 12:23:09 PlatformDependent0.java DEBUG [main] internal.PlatformDependent0 285 - direct buffer constructor: unavailable: Reflective setAccessible(true) disabled
01-20-2022 12:23:09 PlatformDependent0.java DEBUG [main] internal.PlatformDependent0 350 - java.nio.Bits.unaligned: available, true
01-20-2022 12:23:09 PlatformDependent0.java DEBUG [main] internal.PlatformDependent0 417 - jdk.internal.misc.Unsafe.allocateUninitializedArray(int): unavailable: class io.netty.util.internal.PlatformDependent0$6 cannot access class jdk.internal.misc.Unsafe (in module java.base) because module java.base does not export jdk.internal.misc to unnamed module @a4102b8
01-20-2022 12:23:09 PlatformDependent0.java DEBUG [main] internal.PlatformDependent0 446 - java.nio.DirectByteBuffer.<init>(long, int): unavailable
01-20-2022 12:23:09 PlatformDependent.java DEBUG [main] internal.PlatformDependent 1103 - sun.misc.Unsafe: available
01-20-2022 12:23:09 PlatformDependent.java DEBUG [main] internal.PlatformDependent 1205 - maxDirectMemory: 4229955584 bytes (maybe)
01-20-2022 12:23:09 PlatformDependent.java DEBUG [main] internal.PlatformDependent 1224 - -Dio.netty.tmpdir: C:\Users\Menakas\AppData\Local\Temp (java.io.tmpdir)
01-20-2022 12:23:09 PlatformDependent.java DEBUG [main] internal.PlatformDependent 1303 - -Dio.netty.bitMode: 64 (sun.arch.data.model)
01-20-2022 12:23:09 PlatformDependent.java DEBUG [main] internal.PlatformDependent 1063 - Platform: Windows
01-20-2022 12:23:09 PlatformDependent.java DEBUG [main] internal.PlatformDependent 178 - -Dio.netty.maxDirectMemory: -1 bytes
01-20-2022 12:23:09 PlatformDependent.java DEBUG [main] internal.PlatformDependent 185 - -Dio.netty.uninitializedArrayAllocationThreshold: -1
01-20-2022 12:23:09 CleanerJava9.java DEBUG [main] internal.CleanerJava9 71 - java.nio.ByteBuffer.cleaner(): available
01-20-2022 12:23:09 PlatformDependent.java DEBUG [main] internal.PlatformDependent 205 - -Dio.netty.noPreferDirect: false
01-20-2022 12:23:09 PlatformDependent.java DEBUG [main] internal.PlatformDependent 967 - org.jctools-core.MpscChunkedArrayQueue: available
01-20-2022 12:23:09 InternalThreadLocalMap.java DEBUG [main] internal.InternalThreadLocalMap 83 - -Dio.netty.threadLocalMap.stringBuilder.initialSize: 1024
01-20-2022 12:23:09 InternalThreadLocalMap.java DEBUG [main] internal.InternalThreadLocalMap 86 - -Dio.netty.threadLocalMap.stringBuilder.maxSize: 4096
01-20-2022 12:23:09 JdkSslContext.java DEBUG [main] ssl.JdkSslContext 97 - Default protocols (JDK): [TLSv1.3, TLSv1.2] 
01-20-2022 12:23:09 JdkSslContext.java DEBUG [main] ssl.JdkSslContext 98 - Default cipher suites (JDK): [TLS_ECDHE_ECDSA_WITH_AES_256_GCM_SHA384, TLS_ECDHE_ECDSA_WITH_AES_128_GCM_SHA256, TLS_ECDHE_RSA_WITH_AES_128_GCM_SHA256, TLS_ECDHE_RSA_WITH_AES_256_GCM_SHA384, TLS_ECDHE_RSA_WITH_AES_128_CBC_SHA, TLS_ECDHE_RSA_WITH_AES_256_CBC_SHA, TLS_RSA_WITH_AES_128_GCM_SHA256, TLS_RSA_WITH_AES_128_CBC_SHA, TLS_RSA_WITH_AES_256_CBC_SHA, TLS_AES_128_GCM_SHA256, TLS_AES_256_GCM_SHA384]
01-20-2022 12:23:09 MultithreadEventLoopGroup.java DEBUG [main] channel.MultithreadEventLoopGroup 44 - -Dio.netty.eventLoopThreads: 16
01-20-2022 12:23:09 NioEventLoop.java DEBUG [main] nio.NioEventLoop 106 - -Dio.netty.noKeySetOptimization: false
01-20-2022 12:23:09 NioEventLoop.java DEBUG [main] nio.NioEventLoop 107 - -Dio.netty.selectorAutoRebuildThreshold: 512
01-20-2022 12:23:09 PooledByteBufAllocator.java DEBUG [main] buffer.PooledByteBufAllocator 155 - -Dio.netty.allocator.numHeapArenas: 16
01-20-2022 12:23:09 PooledByteBufAllocator.java DEBUG [main] buffer.PooledByteBufAllocator 156 - -Dio.netty.allocator.numDirectArenas: 16
01-20-2022 12:23:09 PooledByteBufAllocator.java DEBUG [main] buffer.PooledByteBufAllocator 158 - -Dio.netty.allocator.pageSize: 8192
01-20-2022 12:23:09 PooledByteBufAllocator.java DEBUG [main] buffer.PooledByteBufAllocator 163 - -Dio.netty.allocator.maxOrder: 11
01-20-2022 12:23:09 PooledByteBufAllocator.java DEBUG [main] buffer.PooledByteBufAllocator 167 - -Dio.netty.allocator.chunkSize: 16777216
01-20-2022 12:23:09 PooledByteBufAllocator.java DEBUG [main] buffer.PooledByteBufAllocator 168 - -Dio.netty.allocator.smallCacheSize: 256
01-20-2022 12:23:09 PooledByteBufAllocator.java DEBUG [main] buffer.PooledByteBufAllocator 169 - -Dio.netty.allocator.normalCacheSize: 64
01-20-2022 12:23:09 PooledByteBufAllocator.java DEBUG [main] buffer.PooledByteBufAllocator 170 - -Dio.netty.allocator.maxCachedBufferCapacity: 32768
01-20-2022 12:23:09 PooledByteBufAllocator.java DEBUG [main] buffer.PooledByteBufAllocator 171 - -Dio.netty.allocator.cacheTrimInterval: 8192
01-20-2022 12:23:09 PooledByteBufAllocator.java DEBUG [main] buffer.PooledByteBufAllocator 172 - -Dio.netty.allocator.cacheTrimIntervalMillis: 0
01-20-2022 12:23:09 PooledByteBufAllocator.java DEBUG [main] buffer.PooledByteBufAllocator 173 - -Dio.netty.allocator.useCacheForAllThreads: true
01-20-2022 12:23:09 PooledByteBufAllocator.java DEBUG [main] buffer.PooledByteBufAllocator 174 - -Dio.netty.allocator.maxCachedByteBuffersPerChunk: 1023
01-20-2022 12:23:09 ByteBufUtil.java DEBUG [main] buffer.ByteBufUtil 87 - -Dio.netty.allocator.type: pooled
01-20-2022 12:23:09 ByteBufUtil.java DEBUG [main] buffer.ByteBufUtil 96 - -Dio.netty.threadLocalDirectBufferSize: 0
01-20-2022 12:23:09 ByteBufUtil.java DEBUG [main] buffer.ByteBufUtil 99 - -Dio.netty.maxThreadLocalCharBufferSize: 16384
01-20-2022 12:23:10 DefaultChannelId.java DEBUG [Forwarding newSession on session null to remote] channel.DefaultChannelId 79 - -Dio.netty.processId: 21844 (auto-detected)
01-20-2022 12:23:10 NetUtil.java DEBUG [Forwarding newSession on session null to remote] util.NetUtil 135 - -Djava.net.preferIPv4Stack: false
01-20-2022 12:23:10 NetUtil.java DEBUG [Forwarding newSession on session null to remote] util.NetUtil 136 - -Djava.net.preferIPv6Addresses: false
01-20-2022 12:23:10 NetUtilInitializations.java DEBUG [Forwarding newSession on session null to remote] util.NetUtilInitializations 129 - Loopback interface: lo (Software Loopback Interface 1, 127.0.0.1)
01-20-2022 12:23:10 NetUtil.java DEBUG [Forwarding newSession on session null to remote] util.NetUtil 187 - Failed to get SOMAXCONN from sysctl and file \proc\sys\net\core\somaxconn. Default: 200
01-20-2022 12:23:10 DefaultChannelId.java DEBUG [Forwarding newSession on session null to remote] channel.DefaultChannelId 101 - -Dio.netty.machineId: cc:15:31:ff:fe:96:6c:84 (auto-detected)
01-20-2022 12:23:10 AbstractByteBuf.java DEBUG [AsyncHttpClient-1-2] buffer.AbstractByteBuf 63 - -Dio.netty.buffer.checkAccessible: true
01-20-2022 12:23:10 AbstractByteBuf.java DEBUG [AsyncHttpClient-1-2] buffer.AbstractByteBuf 64 - -Dio.netty.buffer.checkBounds: true
01-20-2022 12:23:10 ResourceLeakDetectorFactory.java DEBUG [AsyncHttpClient-1-2] util.ResourceLeakDetectorFactory 196 - Loaded default ResourceLeakDetector: io.netty.util.ResourceLeakDetector@75ae4b9b
01-20-2022 12:23:10 Recycler.java DEBUG [AsyncHttpClient-1-2] util.Recycler 103 - -Dio.netty.recycler.maxCapacityPerThread: 4096
01-20-2022 12:23:10 Recycler.java DEBUG [AsyncHttpClient-1-2] util.Recycler 104 - -Dio.netty.recycler.maxSharedCapacityFactor: 2
01-20-2022 12:23:10 Recycler.java DEBUG [AsyncHttpClient-1-2] util.Recycler 105 - -Dio.netty.recycler.linkCapacity: 16
01-20-2022 12:23:10 Recycler.java DEBUG [AsyncHttpClient-1-2] util.Recycler 106 - -Dio.netty.recycler.ratio: 8
01-20-2022 12:23:10 Recycler.java DEBUG [AsyncHttpClient-1-2] util.Recycler 107 - -Dio.netty.recycler.delayedQueue.ratio: 8
01-20-2022 12:23:10 Brotli.java DEBUG [AsyncHttpClient-1-2] compression.Brotli 38 - brotli4j not in the classpath; Brotli support will be unavailable.
01-20-2022 12:23:10 ThreadLocalRandom.java DEBUG [main] internal.ThreadLocalRandom 214 - -Dio.netty.initialSeedUniquifier: 0x42aec3f8166a58e3
01-20-2022 12:23:12 BaseClass.java INFO  [main] ebanking 47 - URL opened
01-20-2022 12:23:13 TC_LoginTest_001.java INFO  [main] ebanking 20 - Login button click
01-20-2022 12:23:13 TC_LoginTest_001.java INFO  [main] ebanking 25 - Login test Passed
]]></system-out>
    <system-err><![CDATA[SLF4J: Failed to load class "org.slf4j.impl.StaticLoggerBinder".
SLF4J: Defaulting to no-operation (NOP) logger implementation
SLF4J: See http://www.slf4j.org/codes.html#StaticLoggerBinder for further details.
Starting ChromeDriver 96.0.4664.45 (76e4c1bb2ab4671b8beba3444e61c0f17584b2fc-refs/branch-heads/4664@{#947}) on port 53825
Only local connections are allowed.
Please see https://chromedriver.chromium.org/security-considerations for suggestions on keeping ChromeDriver safe.
ChromeDriver was started successfully.
[1642699390.733][WARNING]: This version of ChromeDriver has not been tested with Chrome version 97.
Jan 20, 2022 12:23:10 PM org.openqa.selenium.remote.ProtocolHandshake createSession
INFO: Detected dialect: W3C
Jan 20, 2022 12:23:10 PM org.openqa.selenium.devtools.CdpVersionFinder findNearestMatch
WARNING: Unable to find an exact match for CDP version 97, so returning the closest version found: 96
Jan 20, 2022 12:23:10 PM org.openqa.selenium.devtools.CdpVersionFinder findNearestMatch
INFO: Found CDP implementation for version 97 of 96
]]></system-err>
  </testcase>
  <testcase name="addNewCustomer" classname="com.testCases.TC_AddCustomerTest_003" time="15.723">
    <system-out><![CDATA[01-20-2022 12:23:14 BaseClass.java INFO  [main] ebanking 47 - URL opened
01-20-2022 12:23:14 TC_AddCustomerTest_003.java INFO  [main] ebanking 18 - Username is provided
01-20-2022 12:23:15 TC_AddCustomerTest_003.java INFO  [main] ebanking 20 - password is provided
01-20-2022 12:23:18 TC_AddCustomerTest_003.java INFO  [main] ebanking 23 - Login Success
01-20-2022 12:23:30 TC_AddCustomerTest_003.java INFO  [main] ebanking 43 - Customer added success
]]></system-out>
    <system-err><![CDATA[Starting ChromeDriver 96.0.4664.45 (76e4c1bb2ab4671b8beba3444e61c0f17584b2fc-refs/branch-heads/4664@{#947}) on port 60901
Only local connections are allowed.
Please see https://chromedriver.chromium.org/security-considerations for suggestions on keeping ChromeDriver safe.
ChromeDriver was started successfully.
[1642699393.820][WARNING]: This version of ChromeDriver has not been tested with Chrome version 97.
Jan 20, 2022 12:23:13 PM org.openqa.selenium.remote.ProtocolHandshake createSession
INFO: Detected dialect: W3C
Jan 20, 2022 12:23:13 PM org.openqa.selenium.devtools.CdpVersionFinder findNearestMatch
WARNING: Unable to find an exact match for CDP version 97, so returning the closest version found: 96
Jan 20, 2022 12:23:13 PM org.openqa.selenium.devtools.CdpVersionFinder findNearestMatch
INFO: Found CDP implementation for version 97 of 96
]]></system-err>
  </testcase>
</testsuite>