<?xml version="1.0" encoding="UTF-8"?>
<!-- Generated by org.testng.reporters.JUnitXMLReporter -->
<testsuite ignored="0" hostname="menaka" failures="4" tests="6" name="Banking App Test" time="43.89" errors="0" timestamp="20 Jan 2022 03:26:45 GMT">
  <testcase classname="com.testCases.TC_LoginTest_001" name="loginTest" time="1.034">
    <failure type="java.lang.AssertionError" message="expected [true] but found [false]">
      <![CDATA[java.lang.AssertionError: expected [true] but found [false]
at com.testCases.TC_LoginTest_001.loginTest(TC_LoginTest_001.java:29)
... Removed 29 stack frames]]>
    </failure>
  </testcase> <!-- loginTest -->
  <testcase classname="com.testCases.TC_LoginTest_002" name="loginDDT" time="7.896"/>
  <testcase classname="com.testCases.TC_LoginTest_002" name="loginDDT" time="3.934">
    <failure type="java.lang.AssertionError" message="expected [true] but found [false]">
      <![CDATA[java.lang.AssertionError: expected [true] but found [false]
at com.testCases.TC_LoginTest_002.loginDDT(TC_LoginTest_002.java:27)
... Removed 29 stack frames]]>
    </failure>
  </testcase> <!-- loginDDT -->
  <testcase classname="com.testCases.TC_LoginTest_002" name="loginDDT" time="3.853">
    <failure type="java.lang.AssertionError" message="expected [true] but found [false]">
      <![CDATA[java.lang.AssertionError: expected [true] but found [false]
at com.testCases.TC_LoginTest_002.loginDDT(TC_LoginTest_002.java:27)
... Removed 29 stack frames]]>
    </failure>
  </testcase> <!-- loginDDT -->
  <testcase classname="com.testCases.TC_LoginTest_002" name="loginDDT" time="3.951">
    <failure type="java.lang.AssertionError" message="expected [true] but found [false]">
      <![CDATA[java.lang.AssertionError: expected [true] but found [false]
at com.testCases.TC_LoginTest_002.loginDDT(TC_LoginTest_002.java:27)
... Removed 29 stack frames]]>
    </failure>
  </testcase> <!-- loginDDT -->
  <testcase classname="com.testCases.TC_AddCustomerTest_003" name="addNewCustomer" time="16.12"/>
</testsuite> <!-- Banking App Test -->
